#
# There is insufficient memory for the Java Runtime Environment to continue.
# Native memory allocation (mmap) failed to map 134217728 bytes for Failed to commit area from 0x0000000081400000 to 0x0000000089400000 of length 134217728.
# Possible reasons:
#   The system is out of physical RAM or swap space
#   The process is running with CompressedOops enabled, and the Java Heap may be blocking the growth of the native heap
# Possible solutions:
#   Reduce memory load on the system
#   Increase physical memory or swap space
#   Check if swap backing store is full
#   Decrease Java heap size (-Xmx/-Xms)
#   Decrease number of Java threads
#   Decrease Java thread stack sizes (-Xss)
#   Set larger code cache with -XX:ReservedCodeCacheSize=
# This output file may be truncated or incomplete.
#
#  Out of Memory Error (./src/hotspot/os/windows/os_windows.cpp:3303), pid=1376, tid=2876
#
# JRE version:  (11.0.8+10) (build )
# Java VM: OpenJDK 64-Bit Server VM (11.0.8+10-b944.6842174, mixed mode, sharing, tiered, compressed oops, g1 gc, windows-amd64)
# No core dump will be written. Minidumps are not enabled by default on client versions of Windows
#

---------------  S U M M A R Y ------------

Command Line: org.jetbrains.kotlin.cli.jvm.K2JVMCompiler @C:\Users\Akmal\AndroidStudioProjects\OnlineShop\app\build\20210818_10628926536235673984.compiler.options

Host: Intel(R) Core(TM) i5-7200U CPU @ 2.50GHz, 4 cores, 7G,  Windows 10 , 64 bit Build 19041 (10.0.19041.1023)
Time: Wed Aug 18 16:00:10 2021 Западная Азия (зима) elapsed time: 0 seconds (0d 0h 0m 0s)

---------------  T H R E A D  ---------------

Current thread (0x0000029c21e59800):  JavaThread "Unknown thread" [_thread_in_vm, id=2876, stack(0x000000e110300000,0x000000e110400000)]

Stack: [0x000000e110300000,0x000000e110400000]
Native frames: (J=compiled Java code, j=interpreted, Vv=VM code, C=native code)
V  [jvm.dll+0x5de50a]
V  [jvm.dll+0x7122f5]
V  [jvm.dll+0x71384d]
V  [jvm.dll+0x713f03]
V  [jvm.dll+0x23e728]
V  [jvm.dll+0x5db9a4]
V  [jvm.dll+0x5d0ae5]
V  [jvm.dll+0x2fb20b]
V  [jvm.dll+0x2fb17a]
V  [jvm.dll+0x2fb052]
V  [jvm.dll+0x2fff16]
V  [jvm.dll+0x348743]
V  [jvm.dll+0x348e46]
V  [jvm.dll+0x348843]
V  [jvm.dll+0x2d5d68]
V  [jvm.dll+0x2d6f07]
V  [jvm.dll+0x6f11f7]
V  [jvm.dll+0x6f29ec]
V  [jvm.dll+0x355cb9]
V  [jvm.dll+0x6d4ade]
V  [jvm.dll+0x3bdfe3]
V  [jvm.dll+0x3c0201]
C  [jli.dll+0x5373]
C  [ucrtbase.dll+0x21bb2]
C  [KERNEL32.DLL+0x17034]
C  [ntdll.dll+0x52651]


---------------  P R O C E S S  ---------------

Threads class SMR info:
_java_thread_list=0x0000029c21d62800, length=0, elements={
}

Java Threads: ( => current thread )

Other Threads:
  0x0000029c21e72800 GCTaskThread "GC Thread#0" [stack: 0x000000e110400000,0x000000e110500000] [id=12172]
  0x0000029c21ea3000 ConcurrentGCThread "G1 Main Marker" [stack: 0x000000e110500000,0x000000e110600000] [id=10336]
  0x0000029c21ea4000 ConcurrentGCThread "G1 Conc#0" [stack: 0x000000e110600000,0x000000e110700000] [id=9572]

[error occurred during error reporting (printing all threads), id 0xc0000005, EXCEPTION_ACCESS_VIOLATION (0xc0000005) at pc=0x00007ffc44b86357]

VM state:not at safepoint (not fully initialized)

VM Mutex/Monitor currently owned by a thread:  ([mutex/lock_event])
[0x0000029c21e569e0] Heap_lock - owner thread: 0x0000029c21e59800

Heap address: 0x0000000081400000, size: 2028 MB, Compressed Oops mode: Non-zero based: 0x0000000081400000
Narrow klass base: 0x0000000000000000, Narrow klass shift: 0

GC Heap History (0 events):
No events

Deoptimization events (0 events):
No events

Classes redefined (0 events):
No events

Internal exceptions (0 events):
No events

Events (1 events):
Event: 0.009 Loaded shared library C:\Program Files\Android\Android Studio\jre\bin\zip.dll


Dynamic libraries:
0x00007ff653bf0000 - 0x00007ff653bfa000 	C:\Program Files\Android\Android Studio\jre\bin\java.exe
0x00007ffc8a7f0000 - 0x00007ffc8a9e5000 	C:\Windows\SYSTEM32\ntdll.dll
0x00007ffc88cb0000 - 0x00007ffc88d6d000 	C:\Windows\System32\KERNEL32.DLL
0x00007ffc88030000 - 0x00007ffc882f8000 	C:\Windows\System32\KERNELBASE.dll
0x00007ffc88430000 - 0x00007ffc88530000 	C:\Windows\System32\ucrtbase.dll
0x00007ffc72bd0000 - 0x00007ffc72be9000 	C:\Program Files\Android\Android Studio\jre\bin\jli.dll
0x00007ffc72850000 - 0x00007ffc72867000 	C:\Program Files\Android\Android Studio\jre\bin\VCRUNTIME140.dll
0x00007ffc88d70000 - 0x00007ffc88f10000 	C:\Windows\System32\USER32.dll
0x00007ffc88720000 - 0x00007ffc88742000 	C:\Windows\System32\win32u.dll
0x00007ffc6f380000 - 0x00007ffc6f61a000 	C:\Windows\WinSxS\amd64_microsoft.windows.common-controls_6595b64144ccf1df_6.0.19041.1052_none_60b8f8fd71f5e8cb\COMCTL32.dll
0x00007ffc88860000 - 0x00007ffc8888a000 	C:\Windows\System32\GDI32.dll
0x00007ffc88750000 - 0x00007ffc8885b000 	C:\Windows\System32\gdi32full.dll
0x00007ffc88330000 - 0x00007ffc883cd000 	C:\Windows\System32\msvcp_win.dll
0x00007ffc89fd0000 - 0x00007ffc8a06e000 	C:\Windows\System32\msvcrt.dll
0x00007ffc89310000 - 0x00007ffc89340000 	C:\Windows\System32\IMM32.DLL
0x00007ffc52af0000 - 0x00007ffc52b8d000 	C:\Program Files\Android\Android Studio\jre\bin\msvcp140.dll
0x00007ffc448a0000 - 0x00007ffc4535c000 	C:\Program Files\Android\Android Studio\jre\bin\server\jvm.dll
0x00007ffc89640000 - 0x00007ffc896ec000 	C:\Windows\System32\ADVAPI32.dll
0x00007ffc895a0000 - 0x00007ffc8963b000 	C:\Windows\System32\sechost.dll
0x00007ffc891e0000 - 0x00007ffc8930b000 	C:\Windows\System32\RPCRT4.dll
0x00007ffc888f0000 - 0x00007ffc888f8000 	C:\Windows\System32\PSAPI.DLL
0x00007ffc7a330000 - 0x00007ffc7a357000 	C:\Windows\SYSTEM32\WINMM.dll
0x00007ffc82840000 - 0x00007ffc82849000 	C:\Windows\SYSTEM32\WSOCK32.dll
0x00007ffc89420000 - 0x00007ffc8948b000 	C:\Windows\System32\WS2_32.dll
0x00007ffc823c0000 - 0x00007ffc823ca000 	C:\Windows\SYSTEM32\VERSION.dll
0x00007ffc86800000 - 0x00007ffc86812000 	C:\Windows\SYSTEM32\kernel.appcore.dll
0x00007ffc6f970000 - 0x00007ffc6f981000 	C:\Program Files\Android\Android Studio\jre\bin\verify.dll
0x00007ffc85c20000 - 0x00007ffc85e04000 	C:\Windows\SYSTEM32\DBGHELP.DLL
0x00007ffc705c0000 - 0x00007ffc705ec000 	C:\Windows\SYSTEM32\dbgcore.DLL
0x00007ffc88530000 - 0x00007ffc885b3000 	C:\Windows\System32\bcryptPrimitives.dll
0x00007ffc6f940000 - 0x00007ffc6f969000 	C:\Program Files\Android\Android Studio\jre\bin\java.dll
0x00007ffc82830000 - 0x00007ffc8283b000 	C:\Program Files\Android\Android Studio\jre\bin\jimage.dll
0x00007ffc65e40000 - 0x00007ffc65e58000 	C:\Program Files\Android\Android Studio\jre\bin\zip.dll

dbghelp: loaded successfully - version: 4.0.5 - missing functions: none
symbol engine: initialized successfully - sym options: 0x614 - pdb path: .;C:\Program Files\Android\Android Studio\jre\bin;C:\Windows\SYSTEM32;C:\Windows\WinSxS\amd64_microsoft.windows.common-controls_6595b64144ccf1df_6.0.19041.1052_none_60b8f8fd71f5e8cb;C:\Program Files\Android\Android Studio\jre\bin\server

VM Arguments:
java_command: org.jetbrains.kotlin.cli.jvm.K2JVMCompiler @C:\Users\Akmal\AndroidStudioProjects\OnlineShop\app\build\20210818_10628926536235673984.compiler.options
java_class_path (initial): C:\Users\Akmal\.gradle\caches\modules-2\files-2.1\org.jetbrains.kotlin\kotlin-compiler-embeddable\1.5.20\1900e8b9aca0a9caffd45b99b36e3720a0a284f8\kotlin-compiler-embeddable-1.5.20.jar;C:\Users\Akmal\.gradle\caches\modules-2\files-2.1\org.jetbrains.kotlin\kotlin-reflect\1.5.20\63810951f09a27f7827977f1bc21094042a915e\kotlin-reflect-1.5.20.jar;C:\Users\Akmal\.gradle\caches\modules-2\files-2.1\org.jetbrains.kotlin\kotlin-stdlib\1.5.20\9de35cc611bcecec8edce1d56d8e659953806751\kotlin-stdlib-1.5.20.jar;C:\Users\Akmal\.gradle\caches\modules-2\files-2.1\org.jetbrains.kotlin\kotlin-script-runtime\1.5.20\4381bb58d37b84d4d1afe55ec35542dd9b77e101\kotlin-script-runtime-1.5.20.jar;C:\Users\Akmal\.gradle\caches\modules-2\files-2.1\org.jetbrains.kotlin\kotlin-daemon-embeddable\1.5.20\36c38cda019834dcd2959cc33a12768adcd94256\kotlin-daemon-embeddable-1.5.20.jar;C:\Users\Akmal\.gradle\caches\modules-2\files-2.1\org.jetbrains.intellij.deps\trove4j\1.0.20181211\216c2e14b070f334479d800987affe4054cd563f\trove4j-1.0.20181211.jar;C:\Users\Akmal\.gradle\caches\modules-2\files-2.1\org.jetbrains\annotations\13.0\919f0dfe192fb4e063e7dacadee7f8bb9a2672a9\annotations-13.0.jar;C:\Users\Akmal\.gradle\caches\modules-2\files-2.1\org.jetbrains.kotlin\kotlin-stdlib-common\1.5.20\3d79dbd48bf605f4aac1e7028981a1953e245cbb\kotlin-stdlib-common-1.5.20.jar
Launcher Type: SUN_STANDARD

[Global flags]
     intx CICompilerCount                          = 3                                         {product} {ergonomic}
     uint ConcGCThreads                            = 1                                         {product} {ergonomic}
     uint G1ConcRefinementThreads                  = 4                                         {product} {ergonomic}
   size_t G1HeapRegionSize                         = 1048576                                   {product} {ergonomic}
    uintx GCDrainStackTargetSize                   = 64                                        {product} {ergonomic}
   size_t InitialHeapSize                          = 134217728                                 {product} {ergonomic}
   size_t MarkStackSize                            = 4194304                                   {product} {ergonomic}
   size_t MaxHeapSize                              = 2126512128                                {product} {ergonomic}
   size_t MinHeapDeltaBytes                        = 1048576                                   {product} {ergonomic}
    uintx NonNMethodCodeHeapSize                   = 5830732                                {pd product} {ergonomic}
    uintx NonProfiledCodeHeapSize                  = 122913754                              {pd product} {ergonomic}
    uintx ProfiledCodeHeapSize                     = 122913754                              {pd product} {ergonomic}
    uintx ReservedCodeCacheSize                    = 251658240                              {pd product} {ergonomic}
     bool SegmentedCodeCache                       = true                                      {product} {ergonomic}
     bool UseCompressedClassPointers               = true                                 {lp64_product} {ergonomic}
     bool UseCompressedOops                        = true                                 {lp64_product} {ergonomic}
     bool UseG1GC                                  = true                                      {product} {ergonomic}
     bool UseLargePagesIndividualAllocation        = false                                  {pd product} {ergonomic}

Logging:
Log output configuration:
 #0: stdout all=warning uptime,level,tags
 #1: stderr all=off uptime,level,tags

Environment Variables:
JAVA_HOME=C:\Program Files\Java\jdk1.8.0_101
PATH=C:\ProgramData\Oracle\Java\javapath;C:\Windows\system32;C:\Windows;C:\Windows\System32\Wbem;C:\Windows\System32\WindowsPowerShell\v1.0\;C:\Windows\System32\OpenSSH\;C:\Program Files\Git\cmd;C:\Program Files\Java\jdk1.8.0_101\bin;C:\Users\Akmal\AppData\Local\Microsoft\WindowsApps;C:\Program Files\JetBrains\PyCharm Community Edition 2020.3.2\bin;;C:\src\flutter\bin;C:\Program Files\Java\jdk1.8.0_101\bin;
USERNAME=Akmal
OS=Windows_NT
PROCESSOR_IDENTIFIER=Intel64 Family 6 Model 142 Stepping 9, GenuineIntel



---------------  S Y S T E M  ---------------

OS: Windows 10 , 64 bit Build 19041 (10.0.19041.1023)
OS uptime: 0 days 22:50 hours

CPU:total 4 (initial active 4) (2 cores per cpu, 2 threads per core) family 6 model 142 stepping 9, cmov, cx8, fxsr, mmx, sse, sse2, sse3, ssse3, sse4.1, sse4.2, popcnt, avx, avx2, aes, clmul, erms, 3dnowpref, lzcnt, ht, tsc, tscinvbit, bmi1, bmi2, adx, fma

Memory: 4k page, system-wide physical 8108M (524M free)
TotalPageFile size 10156M (AvailPageFile size 125M)
current process WorkingSet (physical memory assigned to process): 9M, peak: 9M
current process commit charge ("private bytes"): 51M, peak: 179M

vm_info: OpenJDK 64-Bit Server VM (11.0.8+10-b944.6842174) for windows-amd64 JRE (11.0.8+10-b944.6842174), built on Sep 19 2020 01:11:42 by "builder" with MS VC++ 14.0 (VS2015)

END.
