#
# There is insufficient memory for the Java Runtime Environment to continue.
# Native memory allocation (mmap) failed to map 134217728 bytes for Failed to commit area from 0x0000000081400000 to 0x0000000089400000 of length 134217728.
# Possible reasons:
#   The system is out of physical RAM or swap space
#   The process is running with CompressedOops enabled, and the Java Heap may be blocking the growth of the native heap
# Possible solutions:
#   Reduce memory load on the system
#   Increase physical memory or swap space
#   Check if swap backing store is full
#   Decrease Java heap size (-Xmx/-Xms)
#   Decrease number of Java threads
#   Decrease Java thread stack sizes (-Xss)
#   Set larger code cache with -XX:ReservedCodeCacheSize=
# This output file may be truncated or incomplete.
#
#  Out of Memory Error (./src/hotspot/os/windows/os_windows.cpp:3303), pid=8712, tid=9224
#
# JRE version:  (11.0.8+10) (build )
# Java VM: OpenJDK 64-Bit Server VM (11.0.8+10-b944.6842174, mixed mode, sharing, tiered, compressed oops, g1 gc, windows-amd64)
# No core dump will be written. Minidumps are not enabled by default on client versions of Windows
#

---------------  S U M M A R Y ------------

Command Line: org.jetbrains.git4idea.http.GitAskPassApp Username for 'https://github.com': 

Host: Intel(R) Core(TM) i5-7200U CPU @ 2.50GHz, 4 cores, 7G,  Windows 10 , 64 bit Build 19041 (10.0.19041.1023)
Time: Sat Aug 21 16:02:26 2021 Западная Азия (зима) elapsed time: 0 seconds (0d 0h 0m 0s)

---------------  T H R E A D  ---------------

Current thread (0x000002217aacb800):  JavaThread "Unknown thread" [_thread_in_vm, id=9224, stack(0x000000de85500000,0x000000de85600000)]

Stack: [0x000000de85500000,0x000000de85600000]
Native frames: (J=compiled Java code, j=interpreted, Vv=VM code, C=native code)
V  [jvm.dll+0x5de50a]
V  [jvm.dll+0x7122f5]
V  [jvm.dll+0x71384d]
V  [jvm.dll+0x713f03]
V  [jvm.dll+0x23e728]
V  [jvm.dll+0x5db9a4]
V  [jvm.dll+0x5d0ae5]
V  [jvm.dll+0x2fb20b]
V  [jvm.dll+0x2fb17a]
V  [jvm.dll+0x2fb052]
V  [jvm.dll+0x2fff16]
V  [jvm.dll+0x348743]
V  [jvm.dll+0x348e46]
V  [jvm.dll+0x348843]
V  [jvm.dll+0x2d5d68]
V  [jvm.dll+0x2d6f07]
V  [jvm.dll+0x6f11f7]
V  [jvm.dll+0x6f29ec]
V  [jvm.dll+0x355cb9]
V  [jvm.dll+0x6d4ade]
V  [jvm.dll+0x3bdfe3]
V  [jvm.dll+0x3c0201]
C  [jli.dll+0x5373]
C  [ucrtbase.dll+0x21bb2]
C  [KERNEL32.DLL+0x17034]
C  [ntdll.dll+0x52651]


---------------  P R O C E S S  ---------------

Threads class SMR info:
_java_thread_list=0x00000221790501b0, length=0, elements={
}

Java Threads: ( => current thread )

Other Threads:
  0x000002217aae2800 GCTaskThread "GC Thread#0" [stack: 0x000000de85600000,0x000000de85700000] [id=1320]
  0x000002217ab15800 ConcurrentGCThread "G1 Main Marker" [stack: 0x000000de85700000,0x000000de85800000] [id=9880]
  0x000002217ab16800 ConcurrentGCThread "G1 Conc#0" [stack: 0x000000de85800000,0x000000de85900000] [id=11468]

[error occurred during error reporting (printing all threads), id 0xc0000005, EXCEPTION_ACCESS_VIOLATION (0xc0000005) at pc=0x00007ffefe516357]

VM state:not at safepoint (not fully initialized)

VM Mutex/Monitor currently owned by a thread:  ([mutex/lock_event])
[0x000002217aac78c0] Heap_lock - owner thread: 0x000002217aacb800

Heap address: 0x0000000081400000, size: 2028 MB, Compressed Oops mode: Non-zero based: 0x0000000081400000
Narrow klass base: 0x0000000000000000, Narrow klass shift: 0

GC Heap History (0 events):
No events

Deoptimization events (0 events):
No events

Classes redefined (0 events):
No events

Internal exceptions (0 events):
No events

Events (1 events):
Event: 0.025 Loaded shared library C:\Program Files\Android\Android Studio\jre\bin\zip.dll


Dynamic libraries:
0x00007ff6245a0000 - 0x00007ff6245aa000 	C:\Program Files\Android\Android Studio\jre\bin\java.exe
0x00007fff52750000 - 0x00007fff52945000 	C:\Windows\SYSTEM32\ntdll.dll
0x00007fff508c0000 - 0x00007fff5097d000 	C:\Windows\System32\KERNEL32.DLL
0x00007fff50100000 - 0x00007fff503c8000 	C:\Windows\System32\KERNELBASE.dll
0x00007fff504b0000 - 0x00007fff505b0000 	C:\Windows\System32\ucrtbase.dll
0x00007fff4b7e0000 - 0x00007fff4b7f7000 	C:\Program Files\Android\Android Studio\jre\bin\VCRUNTIME140.dll
0x00007fff4b7c0000 - 0x00007fff4b7d9000 	C:\Program Files\Android\Android Studio\jre\bin\jli.dll
0x00007fff51a00000 - 0x00007fff51ba0000 	C:\Windows\System32\USER32.dll
0x00007fff506a0000 - 0x00007fff506c2000 	C:\Windows\System32\win32u.dll
0x00007fff52120000 - 0x00007fff5214a000 	C:\Windows\System32\GDI32.dll
0x00007fff38ef0000 - 0x00007fff3918a000 	C:\Windows\WinSxS\amd64_microsoft.windows.common-controls_6595b64144ccf1df_6.0.19041.1052_none_60b8f8fd71f5e8cb\COMCTL32.dll
0x00007fff51c00000 - 0x00007fff51c9e000 	C:\Windows\System32\msvcrt.dll
0x00007fff4fe90000 - 0x00007fff4ff9b000 	C:\Windows\System32\gdi32full.dll
0x00007fff50600000 - 0x00007fff5069d000 	C:\Windows\System32\msvcp_win.dll
0x00007fff52150000 - 0x00007fff52180000 	C:\Windows\System32\IMM32.DLL
0x00007fff1ad20000 - 0x00007fff1adbd000 	C:\Program Files\Android\Android Studio\jre\bin\msvcp140.dll
0x00007ffefe230000 - 0x00007ffefecec000 	C:\Program Files\Android\Android Studio\jre\bin\server\jvm.dll
0x00007fff522b0000 - 0x00007fff5235c000 	C:\Windows\System32\ADVAPI32.dll
0x00007fff50980000 - 0x00007fff50a1b000 	C:\Windows\System32\sechost.dll
0x00007fff52180000 - 0x00007fff522ab000 	C:\Windows\System32\RPCRT4.dll
0x00007fff52700000 - 0x00007fff52708000 	C:\Windows\System32\PSAPI.DLL
0x00007fff4b640000 - 0x00007fff4b649000 	C:\Windows\SYSTEM32\WSOCK32.dll
0x00007fff4a2f0000 - 0x00007fff4a2fa000 	C:\Windows\SYSTEM32\VERSION.dll
0x00007fff42ab0000 - 0x00007fff42ad7000 	C:\Windows\SYSTEM32\WINMM.dll
0x00007fff51990000 - 0x00007fff519fb000 	C:\Windows\System32\WS2_32.dll
0x00007fff4e750000 - 0x00007fff4e762000 	C:\Windows\SYSTEM32\kernel.appcore.dll
0x00007fff2b490000 - 0x00007fff2b4a1000 	C:\Program Files\Android\Android Studio\jre\bin\verify.dll
0x00007fff4db80000 - 0x00007fff4dd64000 	C:\Windows\SYSTEM32\DBGHELP.DLL
0x00007fff39a60000 - 0x00007fff39a8c000 	C:\Windows\SYSTEM32\dbgcore.DLL
0x00007fff506d0000 - 0x00007fff50753000 	C:\Windows\System32\bcryptPrimitives.dll
0x00007fff27ed0000 - 0x00007fff27ef9000 	C:\Program Files\Android\Android Studio\jre\bin\java.dll
0x00007fff4b620000 - 0x00007fff4b62b000 	C:\Program Files\Android\Android Studio\jre\bin\jimage.dll
0x00007fff27090000 - 0x00007fff270a8000 	C:\Program Files\Android\Android Studio\jre\bin\zip.dll

dbghelp: loaded successfully - version: 4.0.5 - missing functions: none
symbol engine: initialized successfully - sym options: 0x614 - pdb path: .;C:\Program Files\Android\Android Studio\jre\bin;C:\Windows\SYSTEM32;C:\Windows\WinSxS\amd64_microsoft.windows.common-controls_6595b64144ccf1df_6.0.19041.1052_none_60b8f8fd71f5e8cb;C:\Program Files\Android\Android Studio\jre\bin\server

VM Arguments:
java_command: org.jetbrains.git4idea.http.GitAskPassApp Username for 'https://github.com': 
java_class_path (initial): C:/Program Files/Android/Android Studio/plugins/git4idea/lib/git4idea-rt.jar;C:/Program Files/Android/Android Studio/lib/xmlrpc-2.0.1.jar;C:/Program Files/Android/Android Studio/lib/commons-codec-1.14.jar
Launcher Type: SUN_STANDARD

[Global flags]
     intx CICompilerCount                          = 3                                         {product} {ergonomic}
     uint ConcGCThreads                            = 1                                         {product} {ergonomic}
     uint G1ConcRefinementThreads                  = 4                                         {product} {ergonomic}
   size_t G1HeapRegionSize                         = 1048576                                   {product} {ergonomic}
    uintx GCDrainStackTargetSize                   = 64                                        {product} {ergonomic}
   size_t InitialHeapSize                          = 134217728                                 {product} {ergonomic}
   size_t MarkStackSize                            = 4194304                                   {product} {ergonomic}
   size_t MaxHeapSize                              = 2126512128                                {product} {ergonomic}
   size_t MinHeapDeltaBytes                        = 1048576                                   {product} {ergonomic}
    uintx NonNMethodCodeHeapSize                   = 5830732                                {pd product} {ergonomic}
    uintx NonProfiledCodeHeapSize                  = 122913754                              {pd product} {ergonomic}
    uintx ProfiledCodeHeapSize                     = 122913754                              {pd product} {ergonomic}
    uintx ReservedCodeCacheSize                    = 251658240                              {pd product} {ergonomic}
     bool SegmentedCodeCache                       = true                                      {product} {ergonomic}
     bool UseCompressedClassPointers               = true                                 {lp64_product} {ergonomic}
     bool UseCompressedOops                        = true                                 {lp64_product} {ergonomic}
     bool UseG1GC                                  = true                                      {product} {ergonomic}
     bool UseLargePagesIndividualAllocation        = false                                  {pd product} {ergonomic}

Logging:
Log output configuration:
 #0: stdout all=warning uptime,level,tags
 #1: stderr all=off uptime,level,tags

Environment Variables:
JAVA_HOME=C:\Program Files\Java\jdk1.8.0_101
PATH=C:\Program Files\Git\mingw64\libexec\git-core;C:\Program Files\Git\mingw64\libexec\git-core;C:\Program Files\Git\mingw64\bin;C:\Program Files\Git\usr\bin;C:\Users\Akmal\bin;C:\ProgramData\Oracle\Java\javapath;C:\Windows\system32;C:\Windows;C:\Windows\System32\Wbem;C:\Windows\System32\WindowsPowerShell\v1.0;C:\Windows\System32\OpenSSH;C:\Program Files\Git\cmd;C:\Program Files\Java\jdk1.8.0_101\bin;C:\Users\Akmal\AppData\Local\Microsoft\WindowsApps;C:\Program Files\JetBrains\PyCharm Community Edition 2020.3.2\bin;C:\src\flutter\bin;C:\Program Files\Java\jdk1.8.0_101\bin
USERNAME=Akmal
DISPLAY=:0.0
LC_ALL=en_US.UTF-8
OS=Windows_NT
PROCESSOR_IDENTIFIER=Intel64 Family 6 Model 142 Stepping 9, GenuineIntel



---------------  S Y S T E M  ---------------

OS: Windows 10 , 64 bit Build 19041 (10.0.19041.1023)
OS uptime: 0 days 5:17 hours

CPU:total 4 (initial active 4) (2 cores per cpu, 2 threads per core) family 6 model 142 stepping 9, cmov, cx8, fxsr, mmx, sse, sse2, sse3, ssse3, sse4.1, sse4.2, popcnt, avx, avx2, aes, clmul, erms, 3dnowpref, lzcnt, ht, tsc, tscinvbit, bmi1, bmi2, adx, fma

Memory: 4k page, system-wide physical 8108M (479M free)
TotalPageFile size 10156M (AvailPageFile size 14M)
current process WorkingSet (physical memory assigned to process): 9M, peak: 9M
current process commit charge ("private bytes"): 51M, peak: 179M

vm_info: OpenJDK 64-Bit Server VM (11.0.8+10-b944.6842174) for windows-amd64 JRE (11.0.8+10-b944.6842174), built on Sep 19 2020 01:11:42 by "builder" with MS VC++ 14.0 (VS2015)

END.
